  MD5.cpp
  main.cpp
  Lisence.cpp
d:\study\c++编程开发(162集全)\cstudy\test\applylis\lisence.cpp(66): error C4235: 使用了非标准扩展: 不支持在此结构上使用“__asm”关键字
d:\study\c++编程开发(162集全)\cstudy\test\applylis\lisence.cpp(67): error C2065: “mov”: 未声明的标识符
d:\study\c++编程开发(162集全)\cstudy\test\applylis\lisence.cpp(67): error C2146: 语法错误: 缺少“;”(在标识符“eax”的前面)
d:\study\c++编程开发(162集全)\cstudy\test\applylis\lisence.cpp(67): error C2065: “eax”: 未声明的标识符
d:\study\c++编程开发(162集全)\cstudy\test\applylis\lisence.cpp(67): error C3688: 文本后缀“h”无效；未找到文文本运算符或文本运算符模板“operator """"h”
d:\study\c++编程开发(162集全)\cstudy\test\applylis\lisence.cpp(68): error C2146: 语法错误: 缺少“;”(在标识符“xor”的前面)
d:\study\c++编程开发(162集全)\cstudy\test\applylis\lisence.cpp(68): error C2065: “xor”: 未声明的标识符
d:\study\c++编程开发(162集全)\cstudy\test\applylis\lisence.cpp(68): error C2146: 语法错误: 缺少“;”(在标识符“edx”的前面)
d:\study\c++编程开发(162集全)\cstudy\test\applylis\lisence.cpp(68): error C2065: “edx”: 未声明的标识符
d:\study\c++编程开发(162集全)\cstudy\test\applylis\lisence.cpp(69): error C2065: “edx”: 未声明的标识符
d:\study\c++编程开发(162集全)\cstudy\test\applylis\lisence.cpp(70): error C2146: 语法错误: 缺少“;”(在标识符“cpuid”的前面)
d:\study\c++编程开发(162集全)\cstudy\test\applylis\lisence.cpp(70): error C2065: “cpuid”: 未声明的标识符
d:\study\c++编程开发(162集全)\cstudy\test\applylis\lisence.cpp(70): error C2146: 语法错误: 缺少“;”(在标识符“mov”的前面)
d:\study\c++编程开发(162集全)\cstudy\test\applylis\lisence.cpp(70): error C2065: “mov”: 未声明的标识符
d:\study\c++编程开发(162集全)\cstudy\test\applylis\lisence.cpp(70): error C2146: 语法错误: 缺少“;”(在标识符“s1”的前面)
d:\study\c++编程开发(162集全)\cstudy\test\applylis\lisence.cpp(71): error C2065: “edx”: 未声明的标识符
d:\study\c++编程开发(162集全)\cstudy\test\applylis\lisence.cpp(71): error C2146: 语法错误: 缺少“;”(在标识符“mov”的前面)
d:\study\c++编程开发(162集全)\cstudy\test\applylis\lisence.cpp(71): error C2065: “mov”: 未声明的标识符
d:\study\c++编程开发(162集全)\cstudy\test\applylis\lisence.cpp(71): error C2146: 语法错误: 缺少“;”(在标识符“s2”的前面)
d:\study\c++编程开发(162集全)\cstudy\test\applylis\lisence.cpp(72): error C2065: “eax”: 未声明的标识符
d:\study\c++编程开发(162集全)\cstudy\test\applylis\lisence.cpp(72): error C2143: 语法错误: 缺少“;”(在“}”的前面)
d:\study\c++编程开发(162集全)\cstudy\test\applylis\lisence.cpp(74): error C4235: 使用了非标准扩展: 不支持在此结构上使用“__asm”关键字
d:\study\c++编程开发(162集全)\cstudy\test\applylis\lisence.cpp(75): error C2065: “mov”: 未声明的标识符
d:\study\c++编程开发(162集全)\cstudy\test\applylis\lisence.cpp(75): error C2146: 语法错误: 缺少“;”(在标识符“eax”的前面)
d:\study\c++编程开发(162集全)\cstudy\test\applylis\lisence.cpp(75): error C2065: “eax”: 未声明的标识符
d:\study\c++编程开发(162集全)\cstudy\test\applylis\lisence.cpp(75): error C3688: 文本后缀“h”无效；未找到文文本运算符或文本运算符模板“operator """"h”
d:\study\c++编程开发(162集全)\cstudy\test\applylis\lisence.cpp(76): error C2146: 语法错误: 缺少“;”(在标识符“xor”的前面)
d:\study\c++编程开发(162集全)\cstudy\test\applylis\lisence.cpp(76): error C2065: “xor”: 未声明的标识符
d:\study\c++编程开发(162集全)\cstudy\test\applylis\lisence.cpp(76): error C2146: 语法错误: 缺少“;”(在标识符“ecx”的前面)
d:\study\c++编程开发(162集全)\cstudy\test\applylis\lisence.cpp(76): error C2065: “ecx”: 未声明的标识符
d:\study\c++编程开发(162集全)\cstudy\test\applylis\lisence.cpp(77): error C2065: “ecx”: 未声明的标识符
d:\study\c++编程开发(162集全)\cstudy\test\applylis\lisence.cpp(77): error C2146: 语法错误: 缺少“;”(在标识符“xor”的前面)
d:\study\c++编程开发(162集全)\cstudy\test\applylis\lisence.cpp(77): error C2065: “xor”: 未声明的标识符
d:\study\c++编程开发(162集全)\cstudy\test\applylis\lisence.cpp(77): error C2146: 语法错误: 缺少“;”(在标识符“edx”的前面)
d:\study\c++编程开发(162集全)\cstudy\test\applylis\lisence.cpp(77): error C2065: “edx”: 未声明的标识符
d:\study\c++编程开发(162集全)\cstudy\test\applylis\lisence.cpp(78): error C2065: “edx”: 未声明的标识符
d:\study\c++编程开发(162集全)\cstudy\test\applylis\lisence.cpp(79): error C2146: 语法错误: 缺少“;”(在标识符“cpuid”的前面)
d:\study\c++编程开发(162集全)\cstudy\test\applylis\lisence.cpp(79): error C2065: “cpuid”: 未声明的标识符
d:\study\c++编程开发(162集全)\cstudy\test\applylis\lisence.cpp(79): error C2146: 语法错误: 缺少“;”(在标识符“mov”的前面)
d:\study\c++编程开发(162集全)\cstudy\test\applylis\lisence.cpp(79): error C2065: “mov”: 未声明的标识符
d:\study\c++编程开发(162集全)\cstudy\test\applylis\lisence.cpp(79): error C2146: 语法错误: 缺少“;”(在标识符“s3”的前面)
d:\study\c++编程开发(162集全)\cstudy\test\applylis\lisence.cpp(80): error C2065: “edx”: 未声明的标识符
d:\study\c++编程开发(162集全)\cstudy\test\applylis\lisence.cpp(80): error C2146: 语法错误: 缺少“;”(在标识符“mov”的前面)
d:\study\c++编程开发(162集全)\cstudy\test\applylis\lisence.cpp(80): error C2065: “mov”: 未声明的标识符
d:\study\c++编程开发(162集全)\cstudy\test\applylis\lisence.cpp(80): error C2146: 语法错误: 缺少“;”(在标识符“s4”的前面)
d:\study\c++编程开发(162集全)\cstudy\test\applylis\lisence.cpp(81): error C2065: “ecx”: 未声明的标识符
d:\study\c++编程开发(162集全)\cstudy\test\applylis\lisence.cpp(81): error C2143: 语法错误: 缺少“;”(在“}”的前面)
  HashMethod.cpp
  CRC32.cpp
  Checksum32.cpp
  正在生成代码...
